<html>
<head>
<title>TestNG:  Surefire test</title>
<link href="../testng.css" rel="stylesheet" type="text/css" />
<link href="../my-testng.css" rel="stylesheet" type="text/css" />

<style type="text/css">
.log { display: none;} 
.stack-trace { display: none;} 
</style>
<script type="text/javascript">
<!--
function flip(e) {
  current = e.style.display;
  if (current == 'block') {
    e.style.display = 'none';
    return 0;
  }
  else {
    e.style.display = 'block';
    return 1;
  }
}

function toggleBox(szDivId, elem, msg1, msg2)
{
  var res = -1;  if (document.getElementById) {
    res = flip(document.getElementById(szDivId));
  }
  else if (document.all) {
    // this is the way old msie versions work
    res = flip(document.all[szDivId]);
  }
  if(elem) {
    if(res == 0) elem.innerHTML = msg1; else elem.innerHTML = msg2;
  }

}

function toggleAllBoxes() {
  if (document.getElementsByTagName) {
    d = document.getElementsByTagName('div');
    for (i = 0; i < d.length; i++) {
      if (d[i].className == 'log') {
        flip(d[i]);
      }
    }
  }
}

// -->
</script>

</head>
<body>
<h2 align='center'>Surefire test</h2><table border='1' align="center">
<tr>
<td>Tests passed/Failed/Skipped:</td><td>17/3/0</td>
</tr><tr>
<td>Started on:</td><td>Sat Jul 16 19:11:04 EET 2022</td>
</tr>
<tr><td>Total time:</td><td>291 seconds (291886 ms)</td>
</tr><tr>
<td>Included groups:</td><td></td>
</tr><tr>
<td>Excluded groups:</td><td></td>
</tr>
</table><p/>
<small><i>(Hover the method name to see the test class name)</i></small><p/>
<table width='100%' border='1' class='invocation-failed'>
<tr><td colspan='4' align='center'><b>FAILED TESTS</b></td></tr>
<tr><td><b>Test method</b></td>
<td width="30%"><b>Exception</b></td>
<td width="10%"><b>Time (seconds)</b></td>
<td><b>Instance</b></td>
</tr>
<tr>
<td title='org.example.testRunner.Runners.runScenario()'><b>runScenario</b><br>Test class: org.example.testRunner.Runners<br>Test method: Runs Cucumber Scenarios<br>Parameters: "first slider "Nokia" is clickable", "F06_HomeSlider | user can open the sliders page"</td>
<td><div><pre>java.lang.AssertionError: expected [https://demo.nopcommerce.com/nokia-lumia-1020] but found [https://demo.nopcommerce.com/]
	at org.example.stepDefs.D06_homeSliderStepDef.firstSliderPage(D06_homeSliderStepDef.java:27)
	at ?.users browser is navigated to first slider product page(file:///C:/Users/omars/IdeaProjects/E-Com/src/main/resources/Features/F06_HomeSlider.feature:5)
... Removed 6 stack frames</pre></div><a href='#' onClick='toggleBox("stack-trace1895102622", this, "Click to show all stack frames", "Click to hide stack frames")'>Click to show all stack frames</a>
<div class='stack-trace' id='stack-trace1895102622'><pre>java.lang.AssertionError: expected [https://demo.nopcommerce.com/nokia-lumia-1020] but found [https://demo.nopcommerce.com/]
	at org.testng.Assert.fail(Assert.java:110)
	at org.testng.Assert.failNotEquals(Assert.java:1413)
	at org.testng.Assert.assertEqualsImpl(Assert.java:149)
	at org.testng.Assert.assertEquals(Assert.java:131)
	at org.testng.Assert.assertEquals(Assert.java:655)
	at org.testng.Assert.assertEquals(Assert.java:665)
	at org.example.stepDefs.D06_homeSliderStepDef.firstSliderPage(D06_homeSliderStepDef.java:27)
	at ?.users browser is navigated to first slider product page(file:///C:/Users/omars/IdeaProjects/E-Com/src/main/resources/Features/F06_HomeSlider.feature:5)
</pre></div></td>
<td>11</td>
<td>org.example.testRunner.Runners@4923ab24</td></tr>
<tr>
<td title='org.example.testRunner.Runners.runScenario()'><b>runScenario</b><br>Test class: org.example.testRunner.Runners<br>Test method: Runs Cucumber Scenarios<br>Parameters: "second slider "Iphone" is clickable", "F06_HomeSlider | user can open the sliders page"</td>
<td><div><pre>java.lang.AssertionError: expected [https://demo.nopcommerce.com/iphone-6] but found [https://demo.nopcommerce.com/]
	at org.example.stepDefs.D06_homeSliderStepDef.secondSliderPage(D06_homeSliderStepDef.java:44)
	at ?.users browser is navigated to second slider product page(file:///C:/Users/omars/IdeaProjects/E-Com/src/main/resources/Features/F06_HomeSlider.feature:9)
... Removed 6 stack frames</pre></div><a href='#' onClick='toggleBox("stack-trace725579524", this, "Click to show all stack frames", "Click to hide stack frames")'>Click to show all stack frames</a>
<div class='stack-trace' id='stack-trace725579524'><pre>java.lang.AssertionError: expected [https://demo.nopcommerce.com/iphone-6] but found [https://demo.nopcommerce.com/]
	at org.testng.Assert.fail(Assert.java:110)
	at org.testng.Assert.failNotEquals(Assert.java:1413)
	at org.testng.Assert.assertEqualsImpl(Assert.java:149)
	at org.testng.Assert.assertEquals(Assert.java:131)
	at org.testng.Assert.assertEquals(Assert.java:655)
	at org.testng.Assert.assertEquals(Assert.java:665)
	at org.example.stepDefs.D06_homeSliderStepDef.secondSliderPage(D06_homeSliderStepDef.java:44)
	at ?.users browser is navigated to second slider product page(file:///C:/Users/omars/IdeaProjects/E-Com/src/main/resources/Features/F06_HomeSlider.feature:9)
</pre></div></td>
<td>11</td>
<td>org.example.testRunner.Runners@4923ab24</td></tr>
<tr>
<td title='org.example.testRunner.Runners.runScenario()'><b>runScenario</b><br>Test class: org.example.testRunner.Runners<br>Test method: Runs Cucumber Scenarios<br>Parameters: "user opens rss link", "F07_FollowUs | user can open followUs links"</td>
<td><div><pre>java.lang.IndexOutOfBoundsException: Index: 1, Size: 1
	at java.util.ArrayList.rangeCheck(ArrayList.java:659)
	at java.util.ArrayList.get(ArrayList.java:435)
	at org.example.stepDefs.D07_followUsStepDef.navigateToLink(D07_followUsStepDef.java:46)
	at ?.&quot;https://demo.nopcommerce.com/new-online-store-is-open&quot; is opened in new tab(file:///C:/Users/omars/IdeaProjects/E-Com/src/main/resources/Features/F07_FollowUs.feature:13)
</pre></div><a href='#' onClick='toggleBox("stack-trace1050196275", this, "Click to show all stack frames", "Click to hide stack frames")'>Click to show all stack frames</a>
<div class='stack-trace' id='stack-trace1050196275'><pre>java.lang.IndexOutOfBoundsException: Index: 1, Size: 1
	at java.util.ArrayList.rangeCheck(ArrayList.java:659)
	at java.util.ArrayList.get(ArrayList.java:435)
	at org.example.stepDefs.D07_followUsStepDef.navigateToLink(D07_followUsStepDef.java:46)
	at ?.&quot;https://demo.nopcommerce.com/new-online-store-is-open&quot; is opened in new tab(file:///C:/Users/omars/IdeaProjects/E-Com/src/main/resources/Features/F07_FollowUs.feature:13)
</pre></div></td>
<td>13</td>
<td>org.example.testRunner.Runners@4923ab24</td></tr>
</table><p>
<table width='100%' border='1' class='invocation-passed'>
<tr><td colspan='4' align='center'><b>PASSED TESTS</b></td></tr>
<tr><td><b>Test method</b></td>
<td width="30%"><b>Exception</b></td>
<td width="10%"><b>Time (seconds)</b></td>
<td><b>Instance</b></td>
</tr>
<tr>
<td title='org.example.testRunner.Runners.runScenario()'><b>runScenario</b><br>Test class: org.example.testRunner.Runners<br>Test method: Runs Cucumber Scenarios<br>Parameters: "user can search by product name", "F04_Search | user can search for an item by different keywords"</td>
<td></td>
<td>10</td>
<td>org.example.testRunner.Runners@4923ab24</td></tr>
<tr>
<td title='org.example.testRunner.Runners.runScenario()'><b>runScenario</b><br>Test class: org.example.testRunner.Runners<br>Test method: Runs Cucumber Scenarios<br>Parameters: "user opens Twitter link", "F07_FollowUs | user can open followUs links"</td>
<td></td>
<td>21</td>
<td>org.example.testRunner.Runners@4923ab24</td></tr>
<tr>
<td title='org.example.testRunner.Runners.runScenario()'><b>runScenario</b><br>Test class: org.example.testRunner.Runners<br>Test method: Runs Cucumber Scenarios<br>Parameters: "user can change the currency from $ to €", "F03_Currencies | user can select the currency $ or €"</td>
<td></td>
<td>11</td>
<td>org.example.testRunner.Runners@4923ab24</td></tr>
<tr>
<td title='org.example.testRunner.Runners.runScenario()'><b>runScenario</b><br>Test class: org.example.testRunner.Runners<br>Test method: Runs Cucumber Scenarios<br>Parameters: "user can search by SKU", "F04_Search | user can search for an item by different keywords"</td>
<td></td>
<td>18</td>
<td>org.example.testRunner.Runners@4923ab24</td></tr>
<tr>
<td title='org.example.testRunner.Runners.runScenario()'><b>runScenario</b><br>Test class: org.example.testRunner.Runners<br>Test method: Runs Cucumber Scenarios<br>Parameters: "user could register with valid data successfully", "F01_Register | users could register with new accounts"</td>
<td></td>
<td>18</td>
<td>org.example.testRunner.Runners@4923ab24</td></tr>
<tr>
<td title='org.example.testRunner.Runners.runScenario()'><b>runScenario</b><br>Test class: org.example.testRunner.Runners<br>Test method: Runs Cucumber Scenarios<br>Parameters: "user hover categories and select one", "F05_HoverCategories | user can hover categories and select one of them or a sub-category"</td>
<td></td>
<td>12</td>
<td>org.example.testRunner.Runners@4923ab24</td></tr>
<tr>
<td title='org.example.testRunner.Runners.runScenario()'><b>runScenario</b><br>Test class: org.example.testRunner.Runners<br>Test method: Runs Cucumber Scenarios<br>Parameters: "user can't login with invalid email and password", "F02_Login | user could use login functionality"</td>
<td></td>
<td>11</td>
<td>org.example.testRunner.Runners@4923ab24</td></tr>
<tr>
<td title='org.example.testRunner.Runners.runScenario()'><b>runScenario</b><br>Test class: org.example.testRunner.Runners<br>Test method: Runs Cucumber Scenarios<br>Parameters: "user opens Facebook link", "F07_FollowUs | user can open followUs links"</td>
<td></td>
<td>21</td>
<td>org.example.testRunner.Runners@4923ab24</td></tr>
<tr>
<td title='org.example.testRunner.Runners.runScenario()'><b>runScenario</b><br>Test class: org.example.testRunner.Runners<br>Test method: Runs Cucumber Scenarios<br>Parameters: "user can search by invalid product name", "F04_Search | user can search for an item by different keywords"</td>
<td></td>
<td>11</td>
<td>org.example.testRunner.Runners@4923ab24</td></tr>
<tr>
<td title='org.example.testRunner.Runners.runScenario()'><b>runScenario</b><br>Test class: org.example.testRunner.Runners<br>Test method: Runs Cucumber Scenarios<br>Parameters: "user opens YouTube link", "F07_FollowUs | user can open followUs links"</td>
<td></td>
<td>24</td>
<td>org.example.testRunner.Runners@4923ab24</td></tr>
<tr>
<td title='org.example.testRunner.Runners.runScenario()'><b>runScenario</b><br>Test class: org.example.testRunner.Runners<br>Test method: Runs Cucumber Scenarios<br>Parameters: "user can search by product name", "F04_Search | user can search for an item by different keywords"</td>
<td></td>
<td>10</td>
<td>org.example.testRunner.Runners@4923ab24</td></tr>
<tr>
<td title='org.example.testRunner.Runners.runScenario()'><b>runScenario</b><br>Test class: org.example.testRunner.Runners<br>Test method: Runs Cucumber Scenarios<br>Parameters: "user can login with a valid email and password", "F02_Login | user could use login functionality"</td>
<td></td>
<td>13</td>
<td>org.example.testRunner.Runners@4923ab24</td></tr>
<tr>
<td title='org.example.testRunner.Runners.runScenario()'><b>runScenario</b><br>Test class: org.example.testRunner.Runners<br>Test method: Runs Cucumber Scenarios<br>Parameters: "user add an item to wishlist and a success message is displayed", "F08_Wishlist | user can add a product to wishlist"</td>
<td></td>
<td>12</td>
<td>org.example.testRunner.Runners@4923ab24</td></tr>
<tr>
<td title='org.example.testRunner.Runners.runScenario()'><b>runScenario</b><br>Test class: org.example.testRunner.Runners<br>Test method: Runs Cucumber Scenarios<br>Parameters: "number of wishlist in home page is increased", "F08_Wishlist | user can add a product to wishlist"</td>
<td></td>
<td>9</td>
<td>org.example.testRunner.Runners@4923ab24</td></tr>
<tr>
<td title='org.example.testRunner.Runners.runScenario()'><b>runScenario</b><br>Test class: org.example.testRunner.Runners<br>Test method: Runs Cucumber Scenarios<br>Parameters: "user can search by invalid product name", "F04_Search | user can search for an item by different keywords"</td>
<td></td>
<td>17</td>
<td>org.example.testRunner.Runners@4923ab24</td></tr>
<tr>
<td title='org.example.testRunner.Runners.runScenario()'><b>runScenario</b><br>Test class: org.example.testRunner.Runners<br>Test method: Runs Cucumber Scenarios<br>Parameters: "user can search by SKU", "F04_Search | user can search for an item by different keywords"</td>
<td></td>
<td>14</td>
<td>org.example.testRunner.Runners@4923ab24</td></tr>
<tr>
<td title='org.example.testRunner.Runners.runScenario()'><b>runScenario</b><br>Test class: org.example.testRunner.Runners<br>Test method: Runs Cucumber Scenarios<br>Parameters: "user can search by product name", "F04_Search | user can search for an item by different keywords"</td>
<td></td>
<td>10</td>
<td>org.example.testRunner.Runners@4923ab24</td></tr>
</table><p>
</body>
</html>