<?xml version="1.0" encoding="UTF-8" standalone="no"?>
<testsuite errors="0" failures="3" name="io.cucumber.core.plugin.JUnitFormatter" skipped="0" tests="20" time="290.557">
<testcase classname="F01_Register | users could register with new accounts" name="user could register with valid data successfully" time="18.647">
<system-out><![CDATA[Given user navigate to register page........................................passed
When user select gender type................................................passed
And user enter first name "Omar" and last name "Salah"......................passed
And user select date of birth...............................................passed
And user enter email "osalah0811@gmail.com".................................passed
And user fills Password fields "123pass" and "123pass"......................passed
Then user clicks on register button.........................................passed
And user successfully register and success message is displayed.............passed
]]></system-out>
</testcase>
<testcase classname="F02_Login | user could use login functionality" name="user can login with a valid email and password" time="13.835">
<system-out><![CDATA[Given user navigate to login page...........................................passed
When user enter "osalah0811@gmail.com" and "123pass"........................passed
And user press login button.................................................passed
Then user login successfully................................................passed
]]></system-out>
</testcase>
<testcase classname="F02_Login | user could use login functionality" name="user can't login with invalid email and password" time="11.871">
<system-out><![CDATA[Given user navigate to login page...........................................passed
When user enter "omarsalah@gmail.com" and "123password".....................passed
And user press login button.................................................passed
Then user can't login.......................................................passed
]]></system-out>
</testcase>
<testcase classname="F03_Currencies | user can select the currency $ or €" name="user can change the currency from $ to €" time="11.743">
<system-out><![CDATA[When user select Euro from currency list....................................passed
Then all $ sings change to € signs..........................................passed
]]></system-out>
</testcase>
<testcase classname="F04_Search | user can search for an item by different keywords" name="user can search by product name" time="10.93">
<system-out><![CDATA[Given user click on search bar..............................................passed
When user enter the product "Nikon".........................................passed
And user click on search button.............................................passed
Then user search success and browser is navigated to products page..........passed
]]></system-out>
</testcase>
<testcase classname="F04_Search | user can search for an item by different keywords" name="user can search by product name 2" time="10.78">
<system-out><![CDATA[Given user click on search bar..............................................passed
When user enter the product "Apple".........................................passed
And user click on search button.............................................passed
Then user search success and browser is navigated to products page..........passed
]]></system-out>
</testcase>
<testcase classname="F04_Search | user can search for an item by different keywords" name="user can search by product name 3" time="10.846">
<system-out><![CDATA[Given user click on search bar..............................................passed
When user enter the product "Book"..........................................passed
And user click on search button.............................................passed
Then user search success and browser is navigated to products page..........passed
]]></system-out>
</testcase>
<testcase classname="F04_Search | user can search for an item by different keywords" name="user can search by SKU" time="18.268">
<system-out><![CDATA[Given user click on search bar..............................................passed
When user enter the product "HP_SPX_UB".....................................passed
And user click on search button.............................................passed
And user click on the product in search result..............................passed
Then user search success and browser is navigated to exact product page.....passed
]]></system-out>
</testcase>
<testcase classname="F04_Search | user can search for an item by different keywords" name="user can search by SKU 2" time="14.545">
<system-out><![CDATA[Given user click on search bar..............................................passed
When user enter the product "SM_900_PU".....................................passed
And user click on search button.............................................passed
And user click on the product in search result..............................passed
Then user search success and browser is navigated to exact product page.....passed
]]></system-out>
</testcase>
<testcase classname="F04_Search | user can search for an item by different keywords" name="user can search by invalid product name" time="11.94">
<system-out><![CDATA[Given user click on search bar..............................................passed
When user enter the product "dell"..........................................passed
And user click on search button.............................................passed
Then user can't find the product............................................passed
]]></system-out>
</testcase>
<testcase classname="F04_Search | user can search for an item by different keywords" name="user can search by invalid product name 2" time="17.066">
<system-out><![CDATA[Given user click on search bar..............................................passed
When user enter the product "canon".........................................passed
And user click on search button.............................................passed
Then user can't find the product............................................passed
]]></system-out>
</testcase>
<testcase classname="F05_HoverCategories | user can hover categories and select one of them or a sub-category" name="user hover categories and select one" time="12.847">
<system-out><![CDATA[When user hover categories and select one or select a sub-category..........passed
And user click on category or sub-category..................................passed
Then users browser is navigated to relative product page....................passed
]]></system-out>
</testcase>
<testcase classname="F06_HomeSlider | user can open the sliders page" name="first slider &quot;Nokia&quot; is clickable" time="11.844">
<failure message="expected [https://demo.nopcommerce.com/nokia-lumia-1020] but found [https://demo.nopcommerce.com/]" type="java.lang.AssertionError"><![CDATA[When user clicks on the first slider........................................passed
Then users browser is navigated to first slider product page................failed

StackTrace:
java.lang.AssertionError: expected [https://demo.nopcommerce.com/nokia-lumia-1020] but found [https://demo.nopcommerce.com/]
	at org.testng.Assert.fail(Assert.java:110)
	at org.testng.Assert.failNotEquals(Assert.java:1413)
	at org.testng.Assert.assertEqualsImpl(Assert.java:149)
	at org.testng.Assert.assertEquals(Assert.java:131)
	at org.testng.Assert.assertEquals(Assert.java:655)
	at org.testng.Assert.assertEquals(Assert.java:665)
	at org.example.stepDefs.D06_homeSliderStepDef.firstSliderPage(D06_homeSliderStepDef.java:27)
	at ✽.users browser is navigated to first slider product page(file:///C:/Users/omars/IdeaProjects/E-Com/src/main/resources/Features/F06_HomeSlider.feature:5)
]]></failure>
</testcase>
<testcase classname="F06_HomeSlider | user can open the sliders page" name="second slider &quot;Iphone&quot; is clickable" time="11.149">
<failure message="expected [https://demo.nopcommerce.com/iphone-6] but found [https://demo.nopcommerce.com/]" type="java.lang.AssertionError"><![CDATA[When user clicks on the second slider.......................................passed
Then users browser is navigated to second slider product page...............failed

StackTrace:
java.lang.AssertionError: expected [https://demo.nopcommerce.com/iphone-6] but found [https://demo.nopcommerce.com/]
	at org.testng.Assert.fail(Assert.java:110)
	at org.testng.Assert.failNotEquals(Assert.java:1413)
	at org.testng.Assert.assertEqualsImpl(Assert.java:149)
	at org.testng.Assert.assertEquals(Assert.java:131)
	at org.testng.Assert.assertEquals(Assert.java:655)
	at org.testng.Assert.assertEquals(Assert.java:665)
	at org.example.stepDefs.D06_homeSliderStepDef.secondSliderPage(D06_homeSliderStepDef.java:44)
	at ✽.users browser is navigated to second slider product page(file:///C:/Users/omars/IdeaProjects/E-Com/src/main/resources/Features/F06_HomeSlider.feature:9)
]]></failure>
</testcase>
<testcase classname="F07_FollowUs | user can open followUs links" name="user opens Facebook link" time="21.628">
<system-out><![CDATA[When user opens Facebook link...............................................passed
Then "https://www.facebook.com/nopCommerce" is opened in new tab............passed
]]></system-out>
</testcase>
<testcase classname="F07_FollowUs | user can open followUs links" name="user opens Twitter link" time="21.975">
<system-out><![CDATA[When user opens Twitter link................................................passed
Then "https://twitter.com/nopCommerce" is opened in new tab.................passed
]]></system-out>
</testcase>
<testcase classname="F07_FollowUs | user can open followUs links" name="user opens rss link" time="13.816">
<failure message="Index: 1, Size: 1" type="java.lang.IndexOutOfBoundsException"><![CDATA[When user opens rss link....................................................passed
Then "https://demo.nopcommerce.com/new-online-store-is-open" is opened in new tab.failed

StackTrace:
java.lang.IndexOutOfBoundsException: Index: 1, Size: 1
	at java.util.ArrayList.rangeCheck(ArrayList.java:659)
	at java.util.ArrayList.get(ArrayList.java:435)
	at org.example.stepDefs.D07_followUsStepDef.navigateToLink(D07_followUsStepDef.java:46)
	at ✽."https://demo.nopcommerce.com/new-online-store-is-open" is opened in new tab(file:///C:/Users/omars/IdeaProjects/E-Com/src/main/resources/Features/F07_FollowUs.feature:13)
]]></failure>
</testcase>
<testcase classname="F07_FollowUs | user can open followUs links" name="user opens YouTube link" time="24.232">
<system-out><![CDATA[When user opens YouTube link................................................passed
Then "https://www.youtube.com/user/nopCommerce" is opened in new tab........passed
]]></system-out>
</testcase>
<testcase classname="F08_Wishlist | user can add a product to wishlist" name="user add an item to wishlist and a success message is displayed" time="12.34">
<system-out><![CDATA[When user adds an item to wishlist..........................................passed
Then success message of adding item is displayed............................passed
]]></system-out>
</testcase>
<testcase classname="F08_Wishlist | user can add a product to wishlist" name="number of wishlist in home page is increased" time="9.658">
<system-out><![CDATA[When user adds an item to wishlist..........................................passed
Then success message of adding item is displayed............................passed
And the number of wishlist increased........................................passed
]]></system-out>
</testcase>
</testsuite>
