<?xml version="1.0" encoding="UTF-8"?>
<!-- Generated by org.testng.reporters.JUnitReportReporter -->
<testsuite skipped="0" hostname="DESKTOP-BE70Q4G" name="org.example.testRunner.Runners" tests="20" failures="2" timestamp="2022-07-16T19:15:57 EET" time="290.398" errors="1">
  <testcase name="runScenario" time="10.793" classname="org.example.testRunner.Runners"/>
  <system-out/>
  <testcase name="runScenario" time="21.975" classname="org.example.testRunner.Runners"/>
  <system-out/>
  <testcase name="runScenario" time="11.756" classname="org.example.testRunner.Runners"/>
  <system-out/>
  <testcase name="runScenario" time="18.279" classname="org.example.testRunner.Runners"/>
  <system-out/>
  <testcase name="runScenario" time="18.843" classname="org.example.testRunner.Runners"/>
  <system-out/>
  <testcase name="runScenario" time="12.878" classname="org.example.testRunner.Runners"/>
  <system-out/>
  <testcase name="runScenario" time="11.844" classname="org.example.testRunner.Runners">
    <failure type="java.lang.AssertionError" message="expected [https://demo.nopcommerce.com/nokia-lumia-1020] but found [https://demo.nopcommerce.com/]">
      <![CDATA[java.lang.AssertionError: expected [https://demo.nopcommerce.com/nokia-lumia-1020] but found [https://demo.nopcommerce.com/]
at org.testng.Assert.fail(Assert.java:110)
at org.testng.Assert.failNotEquals(Assert.java:1413)
at org.testng.Assert.assertEqualsImpl(Assert.java:149)
at org.testng.Assert.assertEquals(Assert.java:131)
at org.testng.Assert.assertEquals(Assert.java:655)
at org.testng.Assert.assertEquals(Assert.java:665)
at org.example.stepDefs.D06_homeSliderStepDef.firstSliderPage(D06_homeSliderStepDef.java:27)
at ✽.users browser is navigated to first slider product page(file:///C:/Users/omars/IdeaProjects/E-Com/src/main/resources/Features/F06_HomeSlider.feature:5)
]]>
    </failure>
  </testcase> <!-- runScenario -->
  <system-out/>
  <testcase name="runScenario" time="11.880" classname="org.example.testRunner.Runners"/>
  <system-out/>
  <testcase name="runScenario" time="13.816" classname="org.example.testRunner.Runners">
    <error type="java.lang.IndexOutOfBoundsException" message="Index: 1, Size: 1">
      <![CDATA[java.lang.IndexOutOfBoundsException: Index: 1, Size: 1
at java.util.ArrayList.rangeCheck(ArrayList.java:659)
at java.util.ArrayList.get(ArrayList.java:435)
at org.example.stepDefs.D07_followUsStepDef.navigateToLink(D07_followUsStepDef.java:46)
at ✽."https://demo.nopcommerce.com/new-online-store-is-open" is opened in new tab(file:///C:/Users/omars/IdeaProjects/E-Com/src/main/resources/Features/F07_FollowUs.feature:13)
]]>
    </error>
  </testcase> <!-- runScenario -->
  <system-out/>
  <testcase name="runScenario" time="21.628" classname="org.example.testRunner.Runners"/>
  <system-out/>
  <testcase name="runScenario" time="11.949" classname="org.example.testRunner.Runners"/>
  <system-out/>
  <testcase name="runScenario" time="24.238" classname="org.example.testRunner.Runners"/>
  <system-out/>
  <testcase name="runScenario" time="10.943" classname="org.example.testRunner.Runners"/>
  <system-out/>
  <testcase name="runScenario" time="13.861" classname="org.example.testRunner.Runners"/>
  <system-out/>
  <testcase name="runScenario" time="12.340" classname="org.example.testRunner.Runners"/>
  <system-out/>
  <testcase name="runScenario" time="9.658" classname="org.example.testRunner.Runners"/>
  <system-out/>
  <testcase name="runScenario" time="17.122" classname="org.example.testRunner.Runners"/>
  <system-out/>
  <testcase name="runScenario" time="14.558" classname="org.example.testRunner.Runners"/>
  <system-out/>
  <testcase name="runScenario" time="11.165" classname="org.example.testRunner.Runners">
    <failure type="java.lang.AssertionError" message="expected [https://demo.nopcommerce.com/iphone-6] but found [https://demo.nopcommerce.com/]">
      <![CDATA[java.lang.AssertionError: expected [https://demo.nopcommerce.com/iphone-6] but found [https://demo.nopcommerce.com/]
at org.testng.Assert.fail(Assert.java:110)
at org.testng.Assert.failNotEquals(Assert.java:1413)
at org.testng.Assert.assertEqualsImpl(Assert.java:149)
at org.testng.Assert.assertEquals(Assert.java:131)
at org.testng.Assert.assertEquals(Assert.java:655)
at org.testng.Assert.assertEquals(Assert.java:665)
at org.example.stepDefs.D06_homeSliderStepDef.secondSliderPage(D06_homeSliderStepDef.java:44)
at ✽.users browser is navigated to second slider product page(file:///C:/Users/omars/IdeaProjects/E-Com/src/main/resources/Features/F06_HomeSlider.feature:9)
]]>
    </failure>
  </testcase> <!-- runScenario -->
  <system-out/>
  <testcase name="runScenario" time="10.872" classname="org.example.testRunner.Runners"/>
  <system-out/>
</testsuite> <!-- org.example.testRunner.Runners -->
